<?xml version="1.0" encoding="UTF-8"?>
<!-- Generated by org.testng.reporters.JUnitReportReporter -->
<testsuite hostname="LAPTOP-QBTCVFMP" failures="0" tests="4" name="com.juaracoding.appium.TestCalculator" time="50.396" errors="0" timestamp="2022-08-23T20:24:27 WIB" skipped="0">
  <testcase classname="com.juaracoding.appium.TestCalculator" name="testKali" time="11.416"/>
  <system-out/>
  <testcase classname="com.juaracoding.appium.TestCalculator" name="testTambah" time="14.216"/>
  <system-out/>
  <testcase classname="com.juaracoding.appium.TestCalculator" name="testKurang" time="11.030"/>
  <system-out/>
  <testcase classname="com.juaracoding.appium.TestCalculator" name="testBagi" time="13.734"/>
  <system-out/>
</testsuite> <!-- com.juaracoding.appium.TestCalculator -->
